<?xml version="1.0" encoding="UTF-8"?>
<!-- Generated by org.testng.reporters.JUnitXMLReporter -->
<testsuite hostname="MMS" ignored="2" name="FlipKart Basic TestCases" tests="3" failures="1" timestamp="13 Jul 2021 10:54:32 GMT" time="45.798" errors="0">
  <testcase name="CloseAlertPopup" time="2.479" classname="com.FlipKart.TestCases.CloseFlipKartLoginPopup"/>
  <testcase name="LoginFlipKart_viaAlertPopup" time="0.0" classname="com.FlipKart.TestCases.CloseFlipKartLoginPopup"/>
  <testcase name="LoginFlipkart" time="30.097" classname="com.FlipKart.TestCases.LoginFlipKartviaAlertPopup">
    <failure type="org.openqa.selenium.NoSuchElementException" message="no such element: Unable to locate element: {&amp;quot;method&amp;quot;:&amp;quot;xpath&amp;quot;,&amp;quot;selector&amp;quot;:&amp;quot;//input [contains(@autocomplete,&amp;apos;off&amp;apos;)][@class=&amp;apos;_2IX_2- VJZDxU&amp;apos;]&amp;quot;}
  (Session info: chrome=91.0.4472.124)
For documentation on this error, please visit: https://www.seleniumhq.org/exceptions/no_such_element.html
Build info: version: &amp;apos;3.141.59&amp;apos;, revision: &amp;apos;e82be7d358&amp;apos;, time: &amp;apos;2018-11-14T08:17:03&amp;apos;
System info: host: &amp;apos;MMS&amp;apos;, ip: &amp;apos;192.168.244.1&amp;apos;, os.name: &amp;apos;Windows 10&amp;apos;, os.arch: &amp;apos;amd64&amp;apos;, os.version: &amp;apos;10.0&amp;apos;, java.version: &amp;apos;1.8.0_251&amp;apos;
Driver info: org.openqa.selenium.chrome.ChromeDriver
Capabilities {acceptInsecureCerts: false, browserName: chrome, browserVersion: 91.0.4472.124, chrome: {chromedriverVersion: 90.0.4430.24 (4c6d850f087da..., userDataDir: C:\Users\MMS\AppData\Local\...}, goog:chromeOptions: {debuggerAddress: localhost:54019}, javascriptEnabled: true, networkConnectionEnabled: false, pageLoadStrategy: normal, platform: WINDOWS, platformName: WINDOWS, proxy: Proxy(), setWindowRect: true, strictFileInteractability: false, timeouts: {implicit: 0, pageLoad: 300000, script: 30000}, unhandledPromptBehavior: dismiss and notify, webauthn:extension:largeBlob: true, webauthn:virtualAuthenticators: true}
Session ID: b4b789d2f98e2a283f7695775786ffa4
*** Element info: {Using=xpath, value=//input [contains(@autocomplete,&amp;apos;off&amp;apos;)][@class=&amp;apos;_2IX_2- VJZDxU&amp;apos;]}">
      <![CDATA[org.openqa.selenium.NoSuchElementException: no such element: Unable to locate element: {"method":"xpath","selector":"//input [contains(@autocomplete,'off')][@class='_2IX_2- VJZDxU']"}
  (Session info: chrome=91.0.4472.124)
For documentation on this error, please visit: https://www.seleniumhq.org/exceptions/no_such_element.html
Build info: version: '3.141.59', revision: 'e82be7d358', time: '2018-11-14T08:17:03'
System info: host: 'MMS', ip: '192.168.244.1', os.name: 'Windows 10', os.arch: 'amd64', os.version: '10.0', java.version: '1.8.0_251'
Driver info: org.openqa.selenium.chrome.ChromeDriver
Capabilities {acceptInsecureCerts: false, browserName: chrome, browserVersion: 91.0.4472.124, chrome: {chromedriverVersion: 90.0.4430.24 (4c6d850f087da..., userDataDir: C:\Users\MMS\AppData\Local\...}, goog:chromeOptions: {debuggerAddress: localhost:54019}, javascriptEnabled: true, networkConnectionEnabled: false, pageLoadStrategy: normal, platform: WINDOWS, platformName: WINDOWS, proxy: Proxy(), setWindowRect: true, strictFileInteractability: false, timeouts: {implicit: 0, pageLoad: 300000, script: 30000}, unhandledPromptBehavior: dismiss and notify, webauthn:extension:largeBlob: true, webauthn:virtualAuthenticators: true}
Session ID: b4b789d2f98e2a283f7695775786ffa4
*** Element info: {Using=xpath, value=//input [contains(@autocomplete,'off')][@class='_2IX_2- VJZDxU']}
	at org.openqa.selenium.remote.http.W3CHttpResponseCodec.createException(W3CHttpResponseCodec.java:187)
	at org.openqa.selenium.remote.http.W3CHttpResponseCodec.decode(W3CHttpResponseCodec.java:122)
	at org.openqa.selenium.remote.http.W3CHttpResponseCodec.decode(W3CHttpResponseCodec.java:49)
	at org.openqa.selenium.remote.HttpCommandExecutor.execute(HttpCommandExecutor.java:158)
	at org.openqa.selenium.remote.service.DriverCommandExecutor.execute(DriverCommandExecutor.java:83)
	at org.openqa.selenium.remote.RemoteWebDriver.execute(RemoteWebDriver.java:552)
	at org.openqa.selenium.remote.RemoteWebDriver.findElement(RemoteWebDriver.java:323)
	at org.openqa.selenium.remote.RemoteWebDriver.findElementByXPath(RemoteWebDriver.java:428)
	at org.openqa.selenium.By$ByXPath.findElement(By.java:353)
	at org.openqa.selenium.remote.RemoteWebDriver.findElement(RemoteWebDriver.java:315)
	at com.FlipKart.TestCases.LoginFlipKartviaAlertPopup.LoginFlipkart(LoginFlipKartviaAlertPopup.java:16)
... Removed 29 stack frames]]>
    </failure>
  </testcase> <!-- LoginFlipkart -->
  <testcase name="@AfterTest teardown" time="0.0" classname="com.FlipKart.CommonFunctions.BrowserSetup">
    <ignored/>
  </testcase> <!-- @AfterTest teardown -->
  <testcase name="@BeforeTest Selectbrowser" time="0.0" classname="com.FlipKart.CommonFunctions.BrowserSetup">
    <ignored/>
  </testcase> <!-- @BeforeTest Selectbrowser -->
</testsuite> <!-- FlipKart Basic TestCases -->
